2025-03-17 11:11:05,250 [Worker-4: Loading available Gradle versions] INFO  o.e.b.c.i.u.g.PublishedGradleVersions - Gradle version information cache is not available. Remote download required.
2025-03-17 17:40:02,708 [Worker-6: Loading available Gradle versions] INFO  o.e.b.c.i.u.g.PublishedGradleVersions - Gradle version information cache is up-to-date. Trying to read.
2025-03-18 09:09:52,956 [Worker-5: Loading available Gradle versions] INFO  o.e.b.c.i.u.g.PublishedGradleVersions - Gradle version information cache is up-to-date. Trying to read.
2025-03-18 11:21:50,033 [Worker-6: Loading available Gradle versions] INFO  o.e.b.c.i.u.g.PublishedGradleVersions - Gradle version information cache is out-of-date. Trying to update.
2025-03-18 11:23:36,502 [Worker-2: Loading available Gradle versions] INFO  o.e.b.c.i.u.g.PublishedGradleVersions - Gradle version information cache is up-to-date. Trying to read.
2025-03-19 09:31:57,771 [Worker-6: Loading available Gradle versions] INFO  o.e.b.c.i.u.g.PublishedGradleVersions - Gradle version information cache is up-to-date. Trying to read.
2025-03-19 11:16:48,232 [Worker-4: Loading available Gradle versions] INFO  o.e.b.c.i.u.g.PublishedGradleVersions - Gradle version information cache is up-to-date. Trying to read.
2025-03-19 11:18:22,728 [JGit-FileStoreAttributeWriter-1] ERROR o.e.j.i.storage.file.LockFile - Creating lock file /Users/jay/.config/jgit/config.lock failed
java.io.IOException: Creating directories for /Users/jay/.config/jgit failed
	at org.eclipse.jgit.util.FileUtils.mkdirs(FileUtils.java:421)
	at org.eclipse.jgit.internal.storage.file.LockFile.createLockFile(LockFile.java:172)
	at org.eclipse.jgit.internal.storage.file.LockFile.createLockFileWithRetry(LockFile.java:165)
	at org.eclipse.jgit.internal.storage.file.LockFile.lock(LockFile.java:146)
	at org.eclipse.jgit.storage.file.FileBasedConfig.save(FileBasedConfig.java:201)
	at org.eclipse.jgit.util.FS$FileStoreAttributes.saveToConfig(FS.java:750)
	at org.eclipse.jgit.util.FS$FileStoreAttributes.lambda$4(FS.java:432)
	at java.base/java.util.concurrent.ThreadPoolExecutor.runWorker(ThreadPoolExecutor.java:1144)
	at java.base/java.util.concurrent.ThreadPoolExecutor$Worker.run(ThreadPoolExecutor.java:642)
	at java.base/java.lang.Thread.run(Thread.java:1575)
2025-03-19 11:18:22,830 [JGit-FileStoreAttributeWriter-1] ERROR org.eclipse.jgit.util.FS - Cannot save config file 'FileBasedConfig[/Users/jay/.config/jgit/config]'
java.io.IOException: Creating directories for /Users/jay/.config/jgit failed
	at org.eclipse.jgit.util.FileUtils.mkdirs(FileUtils.java:421)
	at org.eclipse.jgit.internal.storage.file.LockFile.createLockFile(LockFile.java:172)
	at org.eclipse.jgit.internal.storage.file.LockFile.createLockFileWithRetry(LockFile.java:165)
	at org.eclipse.jgit.internal.storage.file.LockFile.lock(LockFile.java:146)
	at org.eclipse.jgit.storage.file.FileBasedConfig.save(FileBasedConfig.java:201)
	at org.eclipse.jgit.util.FS$FileStoreAttributes.saveToConfig(FS.java:750)
	at org.eclipse.jgit.util.FS$FileStoreAttributes.lambda$4(FS.java:432)
	at java.base/java.util.concurrent.ThreadPoolExecutor.runWorker(ThreadPoolExecutor.java:1144)
	at java.base/java.util.concurrent.ThreadPoolExecutor$Worker.run(ThreadPoolExecutor.java:642)
	at java.base/java.lang.Thread.run(Thread.java:1575)
2025-03-19 11:18:57,740 [Worker-10: Loading available Gradle versions] INFO  o.e.b.c.i.u.g.PublishedGradleVersions - Gradle version information cache is up-to-date. Trying to read.
2025-03-19 11:19:01,340 [JGit-FileStoreAttributeWriter-1] ERROR o.e.j.i.storage.file.LockFile - Creating lock file /Users/jay/.config/jgit/config.lock failed
java.io.IOException: Creating directories for /Users/jay/.config/jgit failed
	at org.eclipse.jgit.util.FileUtils.mkdirs(FileUtils.java:421)
	at org.eclipse.jgit.internal.storage.file.LockFile.createLockFile(LockFile.java:172)
	at org.eclipse.jgit.internal.storage.file.LockFile.createLockFileWithRetry(LockFile.java:165)
	at org.eclipse.jgit.internal.storage.file.LockFile.lock(LockFile.java:146)
	at org.eclipse.jgit.storage.file.FileBasedConfig.save(FileBasedConfig.java:201)
	at org.eclipse.jgit.util.FS$FileStoreAttributes.saveToConfig(FS.java:750)
	at org.eclipse.jgit.util.FS$FileStoreAttributes.lambda$4(FS.java:432)
	at java.base/java.util.concurrent.ThreadPoolExecutor.runWorker(ThreadPoolExecutor.java:1144)
	at java.base/java.util.concurrent.ThreadPoolExecutor$Worker.run(ThreadPoolExecutor.java:642)
	at java.base/java.lang.Thread.run(Thread.java:1575)
2025-03-19 11:19:01,356 [JGit-FileStoreAttributeWriter-1] ERROR org.eclipse.jgit.util.FS - Cannot save config file 'FileBasedConfig[/Users/jay/.config/jgit/config]'
java.io.IOException: Creating directories for /Users/jay/.config/jgit failed
	at org.eclipse.jgit.util.FileUtils.mkdirs(FileUtils.java:421)
	at org.eclipse.jgit.internal.storage.file.LockFile.createLockFile(LockFile.java:172)
	at org.eclipse.jgit.internal.storage.file.LockFile.createLockFileWithRetry(LockFile.java:165)
	at org.eclipse.jgit.internal.storage.file.LockFile.lock(LockFile.java:146)
	at org.eclipse.jgit.storage.file.FileBasedConfig.save(FileBasedConfig.java:201)
	at org.eclipse.jgit.util.FS$FileStoreAttributes.saveToConfig(FS.java:750)
	at org.eclipse.jgit.util.FS$FileStoreAttributes.lambda$4(FS.java:432)
	at java.base/java.util.concurrent.ThreadPoolExecutor.runWorker(ThreadPoolExecutor.java:1144)
	at java.base/java.util.concurrent.ThreadPoolExecutor$Worker.run(ThreadPoolExecutor.java:642)
	at java.base/java.lang.Thread.run(Thread.java:1575)
2025-03-19 11:23:58,049 [ModalContext] INFO  o.e.m.c.i.e.AbstractTransferListenerAdapter - Downloading https://repo.maven.apache.org/maven2/org/apache/maven/archetypes/maven-archetype-quickstart/1.1/maven-archetype-quickstart-1.1.pom
2025-03-19 11:23:58,066 [ModalContext] INFO  o.e.m.c.i.e.AbstractTransferListenerAdapter - Downloaded https://repo.maven.apache.org/maven2/org/apache/maven/archetypes/maven-archetype-quickstart/1.1/maven-archetype-quickstart-1.1.pom
2025-03-19 11:23:58,152 [ModalContext] INFO  o.e.m.c.i.e.AbstractTransferListenerAdapter - Downloading https://repo.maven.apache.org/maven2/org/apache/maven/archetypes/maven-archetype-bundles/4/maven-archetype-bundles-4.pom
2025-03-19 11:23:58,155 [ModalContext] INFO  o.e.m.c.i.e.AbstractTransferListenerAdapter - Downloaded https://repo.maven.apache.org/maven2/org/apache/maven/archetypes/maven-archetype-bundles/4/maven-archetype-bundles-4.pom
2025-03-19 11:23:58,202 [ModalContext] INFO  o.e.m.c.i.e.AbstractTransferListenerAdapter - Downloading https://repo.maven.apache.org/maven2/org/apache/maven/archetype/maven-archetype/2.0-alpha-5/maven-archetype-2.0-alpha-5.pom
2025-03-19 11:23:58,204 [ModalContext] INFO  o.e.m.c.i.e.AbstractTransferListenerAdapter - Downloaded https://repo.maven.apache.org/maven2/org/apache/maven/archetype/maven-archetype/2.0-alpha-5/maven-archetype-2.0-alpha-5.pom
2025-03-19 11:23:58,264 [ModalContext] INFO  o.e.m.c.i.e.AbstractTransferListenerAdapter - Downloading https://repo.maven.apache.org/maven2/org/apache/maven/maven-parent/16/maven-parent-16.pom
2025-03-19 11:23:58,270 [ModalContext] INFO  o.e.m.c.i.e.AbstractTransferListenerAdapter - Downloaded https://repo.maven.apache.org/maven2/org/apache/maven/maven-parent/16/maven-parent-16.pom
2025-03-19 11:23:58,320 [ModalContext] INFO  o.e.m.c.i.e.AbstractTransferListenerAdapter - Downloading https://repo.maven.apache.org/maven2/org/apache/apache/7/apache-7.pom
2025-03-19 11:23:58,330 [ModalContext] INFO  o.e.m.c.i.e.AbstractTransferListenerAdapter - Downloaded https://repo.maven.apache.org/maven2/org/apache/apache/7/apache-7.pom
2025-03-19 11:23:58,413 [ModalContext] INFO  o.e.m.c.i.e.AbstractTransferListenerAdapter - Downloading https://repo.maven.apache.org/maven2/org/apache/maven/archetypes/maven-archetype-quickstart/1.1/maven-archetype-quickstart-1.1.jar
2025-03-19 11:23:58,415 [ModalContext] INFO  o.e.m.c.i.e.AbstractTransferListenerAdapter - Downloaded https://repo.maven.apache.org/maven2/org/apache/maven/archetypes/maven-archetype-quickstart/1.1/maven-archetype-quickstart-1.1.jar
2025-03-19 11:26:29,934 [Worker-9: Loading available Gradle versions] INFO  o.e.b.c.i.u.g.PublishedGradleVersions - Gradle version information cache is up-to-date. Trying to read.
2025-03-19 11:27:20,320 [Worker-7: Loading available Gradle versions] INFO  o.e.b.c.i.u.g.PublishedGradleVersions - Gradle version information cache is up-to-date. Trying to read.
2025-03-19 11:27:35,749 [JGit-FileStoreAttributeWriter-1] ERROR o.e.j.i.storage.file.LockFile - Creating lock file /Users/jay/.config/jgit/config.lock failed
java.io.IOException: Creating directories for /Users/jay/.config/jgit failed
	at org.eclipse.jgit.util.FileUtils.mkdirs(FileUtils.java:421)
	at org.eclipse.jgit.internal.storage.file.LockFile.createLockFile(LockFile.java:172)
	at org.eclipse.jgit.internal.storage.file.LockFile.createLockFileWithRetry(LockFile.java:165)
	at org.eclipse.jgit.internal.storage.file.LockFile.lock(LockFile.java:146)
	at org.eclipse.jgit.storage.file.FileBasedConfig.save(FileBasedConfig.java:201)
	at org.eclipse.jgit.util.FS$FileStoreAttributes.saveToConfig(FS.java:750)
	at org.eclipse.jgit.util.FS$FileStoreAttributes.lambda$4(FS.java:432)
	at java.base/java.util.concurrent.ThreadPoolExecutor.runWorker(ThreadPoolExecutor.java:1144)
	at java.base/java.util.concurrent.ThreadPoolExecutor$Worker.run(ThreadPoolExecutor.java:642)
	at java.base/java.lang.Thread.run(Thread.java:1575)
2025-03-19 11:27:36,037 [JGit-FileStoreAttributeWriter-1] ERROR org.eclipse.jgit.util.FS - Cannot save config file 'FileBasedConfig[/Users/jay/.config/jgit/config]'
java.io.IOException: Creating directories for /Users/jay/.config/jgit failed
	at org.eclipse.jgit.util.FileUtils.mkdirs(FileUtils.java:421)
	at org.eclipse.jgit.internal.storage.file.LockFile.createLockFile(LockFile.java:172)
	at org.eclipse.jgit.internal.storage.file.LockFile.createLockFileWithRetry(LockFile.java:165)
	at org.eclipse.jgit.internal.storage.file.LockFile.lock(LockFile.java:146)
	at org.eclipse.jgit.storage.file.FileBasedConfig.save(FileBasedConfig.java:201)
	at org.eclipse.jgit.util.FS$FileStoreAttributes.saveToConfig(FS.java:750)
	at org.eclipse.jgit.util.FS$FileStoreAttributes.lambda$4(FS.java:432)
	at java.base/java.util.concurrent.ThreadPoolExecutor.runWorker(ThreadPoolExecutor.java:1144)
	at java.base/java.util.concurrent.ThreadPoolExecutor$Worker.run(ThreadPoolExecutor.java:642)
	at java.base/java.lang.Thread.run(Thread.java:1575)
2025-03-19 11:38:54,281 [Worker-1: Loading available Gradle versions] INFO  o.e.b.c.i.u.g.PublishedGradleVersions - Gradle version information cache is up-to-date. Trying to read.
2025-03-19 11:38:57,483 [JGit-FileStoreAttributeWriter-1] ERROR o.e.j.i.storage.file.LockFile - Creating lock file /Users/jay/.config/jgit/config.lock failed
java.io.IOException: Creating directories for /Users/jay/.config/jgit failed
	at org.eclipse.jgit.util.FileUtils.mkdirs(FileUtils.java:421)
	at org.eclipse.jgit.internal.storage.file.LockFile.createLockFile(LockFile.java:172)
	at org.eclipse.jgit.internal.storage.file.LockFile.createLockFileWithRetry(LockFile.java:165)
	at org.eclipse.jgit.internal.storage.file.LockFile.lock(LockFile.java:146)
	at org.eclipse.jgit.storage.file.FileBasedConfig.save(FileBasedConfig.java:201)
	at org.eclipse.jgit.util.FS$FileStoreAttributes.saveToConfig(FS.java:750)
	at org.eclipse.jgit.util.FS$FileStoreAttributes.lambda$4(FS.java:432)
	at java.base/java.util.concurrent.ThreadPoolExecutor.runWorker(ThreadPoolExecutor.java:1144)
	at java.base/java.util.concurrent.ThreadPoolExecutor$Worker.run(ThreadPoolExecutor.java:642)
	at java.base/java.lang.Thread.run(Thread.java:1575)
2025-03-19 11:38:57,515 [JGit-FileStoreAttributeWriter-1] ERROR org.eclipse.jgit.util.FS - Cannot save config file 'FileBasedConfig[/Users/jay/.config/jgit/config]'
java.io.IOException: Creating directories for /Users/jay/.config/jgit failed
	at org.eclipse.jgit.util.FileUtils.mkdirs(FileUtils.java:421)
	at org.eclipse.jgit.internal.storage.file.LockFile.createLockFile(LockFile.java:172)
	at org.eclipse.jgit.internal.storage.file.LockFile.createLockFileWithRetry(LockFile.java:165)
	at org.eclipse.jgit.internal.storage.file.LockFile.lock(LockFile.java:146)
	at org.eclipse.jgit.storage.file.FileBasedConfig.save(FileBasedConfig.java:201)
	at org.eclipse.jgit.util.FS$FileStoreAttributes.saveToConfig(FS.java:750)
	at org.eclipse.jgit.util.FS$FileStoreAttributes.lambda$4(FS.java:432)
	at java.base/java.util.concurrent.ThreadPoolExecutor.runWorker(ThreadPoolExecutor.java:1144)
	at java.base/java.util.concurrent.ThreadPoolExecutor$Worker.run(ThreadPoolExecutor.java:642)
	at java.base/java.lang.Thread.run(Thread.java:1575)
